[proxy:0:3@c610.hpc] HYD_spawn (../../../../../src/pm/i_hydra/libhydra/spawn/intel/hydra_spawn.c:145): execvp error on file /data/home/pw-linux/projects/yinglong/yinglong-opt (No such file or directory)
[proxy:0:3@c610.hpc] HYD_spawn (../../../../../src/pm/i_hydra/libhydra/spawn/intel/hydra_spawn.c:145): execvp error on file /data/home/pw-linux/projects/yinglong/yinglong-opt (No such file or directory)
[proxy:0:3@c610.hpc] HYD_spawn (../../../../../src/pm/i_hydra/libhydra/spawn/intel/hydra_spawn.c:145): execvp error on file /data/home/pw-linux/projects/yinglong/yinglong-opt (No such file or directory)
[proxy:0:3@c610.hpc] HYD_spawn (../../../../../src/pm/i_hydra/libhydra/spawn/intel/hydra_spawn.c:145): execvp error on file /data/home/pw-linux/projects/yinglong/yinglong-opt (No such file or directory)
[proxy:0:3@c610.hpc] HYD_spawn (../../../../../src/pm/i_hydra/libhydra/spawn/intel/hydra_spawn.c:145): execvp error on file /data/home/pw-linux/projects/yinglong/yinglong-opt (No such file or directory)
[proxy:0:3@c610.hpc] HYD_spawn (../../../../../src/pm/i_hydra/libhydra/spawn/intel/hydra_spawn.c:145): execvp error on file /data/home/pw-linux/projects/yinglong/yinglong-opt (No such file or directory)
[proxy:0:3@c610.hpc] HYD_spawn (../../../../../src/pm/i_hydra/libhydra/spawn/intel/hydra_spawn.c:145): execvp error on file /data/home/pw-linux/projects/yinglong/yinglong-opt (No such file or directory)
[proxy:0:3@c610.hpc] HYD_spawn (../../../../../src/pm/i_hydra/libhydra/spawn/intel/hydra_spawn.c:145): execvp error on file /data/home/pw-linux/projects/yinglong/yinglong-opt (No such file or directory)
[proxy:0:3@c610.hpc] HYD_spawn (../../../../../src/pm/i_hydra/libhydra/spawn/intel/hydra_spawn.c:145): execvp error on file /data/home/pw-linux/projects/yinglong/yinglong-opt (No such file or directory)
[proxy:0:3@c610.hpc] HYD_spawn (../../../../../src/pm/i_hydra/libhydra/spawn/intel/hydra_spawn.c:145): execvp error on file /data/home/pw-linux/projects/yinglong/yinglong-opt (No such file or directory)
[proxy:0:3@c610.hpc] HYD_spawn (../../../../../src/pm/i_hydra/libhydra/spawn/intel/hydra_spawn.c:145): execvp error on file /data/home/pw-linux/projects/yinglong/yinglong-opt (No such file or directory)
[proxy:0:3@c610.hpc] HYD_spawn (../../../../../src/pm/i_hydra/libhydra/spawn/intel/hydra_spawn.c:145): execvp error on file /data/home/pw-linux/projects/yinglong/yinglong-opt (No such file or directory)
[proxy:0:3@c610.hpc] HYD_spawn (../../../../../src/pm/i_hydra/libhydra/spawn/intel/hydra_spawn.c:145): execvp error on file /data/home/pw-linux/projects/yinglong/yinglong-opt (No such file or directory)
[proxy:0:3@c610.hpc] HYD_spawn (../../../../../src/pm/i_hydra/libhydra/spawn/intel/hydra_spawn.c:145): execvp error on file /data/home/pw-linux/projects/yinglong/yinglong-opt (No such file or directory)
[proxy:0:3@c610.hpc] HYD_spawn (../../../../../src/pm/i_hydra/libhydra/spawn/intel/hydra_spawn.c:145): execvp error on file /data/home/pw-linux/projects/yinglong/yinglong-opt (No such file or directory)
[proxy:0:3@c610.hpc] HYD_spawn (../../../../../src/pm/i_hydra/libhydra/spawn/intel/hydra_spawn.c:145): execvp error on file /data/home/pw-linux/projects/yinglong/yinglong-opt (No such file or directory)
[proxy:0:3@c610.hpc] HYD_spawn (../../../../../src/pm/i_hydra/libhydra/spawn/intel/hydra_spawn.c:145): execvp error on file /data/home/pw-linux/projects/yinglong/yinglong-opt (No such file or directory)
[proxy:0:3@c610.hpc] HYD_spawn (../../../../../src/pm/i_hydra/libhydra/spawn/intel/hydra_spawn.c:145): execvp error on file /data/home/pw-linux/projects/yinglong/yinglong-opt (No such file or directory)
[proxy:0:3@c610.hpc] HYD_spawn (../../../../../src/pm/i_hydra/libhydra/spawn/intel/hydra_spawn.c:145): execvp error on file /data/home/pw-linux/projects/yinglong/yinglong-opt (No such file or directory)
[proxy:0:3@c610.hpc] HYD_spawn (../../../../../src/pm/i_hydra/libhydra/spawn/intel/hydra_spawn.c:145): execvp error on file /data/home/pw-linux/projects/yinglong/yinglong-opt (No such file or directory)
[proxy:0:3@c610.hpc] HYD_spawn (../../../../../src/pm/i_hydra/libhydra/spawn/intel/hydra_spawn.c:145): execvp error on file /data/home/pw-linux/projects/yinglong/yinglong-opt (No such file or directory)
[proxy:0:3@c610.hpc] HYD_spawn (../../../../../src/pm/i_hydra/libhydra/spawn/intel/hydra_spawn.c:145): execvp error on file /data/home/pw-linux/projects/yinglong/yinglong-opt (No such file or directory)
[proxy:0:3@c610.hpc] HYD_spawn (../../../../../src/pm/i_hydra/libhydra/spawn/intel/hydra_spawn.c:145): execvp error on file /data/home/pw-linux/projects/yinglong/yinglong-opt (No such file or directory)
[proxy:0:3@c610.hpc] HYD_spawn (../../../../../src/pm/i_hydra/libhydra/spawn/intel/hydra_spawn.c:145): execvp error on file /data/home/pw-linux/projects/yinglong/yinglong-opt (No such file or directory)
[proxy:0:3@c610.hpc] HYD_spawn (../../../../../src/pm/i_hydra/libhydra/spawn/intel/hydra_spawn.c:145): execvp error on file /data/home/pw-linux/projects/yinglong/yinglong-opt (No such file or directory)
[proxy:0:3@c610.hpc] HYD_spawn (../../../../../src/pm/i_hydra/libhydra/spawn/intel/hydra_spawn.c:145): execvp error on file /data/home/pw-linux/projects/yinglong/yinglong-opt (No such file or directory)
[proxy:0:3@c610.hpc] HYD_spawn (../../../../../src/pm/i_hydra/libhydra/spawn/intel/hydra_spawn.c:145): execvp error on file /data/home/pw-linux/projects/yinglong/yinglong-opt (No such file or directory)
[mpiexec@c607.hpc] HYD_sock_write (../../../../../src/pm/i_hydra/libhydra/sock/hydra_sock_intel.c:360): write error (Bad file descriptor)
[mpiexec@c607.hpc] cmd_bcast_root (../../../../../src/pm/i_hydra/mpiexec/mpiexec.c:172): error sending cmd 9 to proxy
[mpiexec@c607.hpc] send_signal_downstream (../../../../../src/pm/i_hydra/mpiexec/intel/i_mpiexec.c:557): unable to send response downstream
[mpiexec@c607.hpc] control_cb (../../../../../src/pm/i_hydra/mpiexec/mpiexec.c:1599): unable to send signal to downstreams
[mpiexec@c607.hpc] HYDI_dmx_poll_wait_for_event (../../../../../src/pm/i_hydra/libhydra/demux/hydra_demux_poll.c:80): callback returned error status
[mpiexec@c607.hpc] main (../../../../../src/pm/i_hydra/mpiexec/mpiexec.c:2019): error waiting for event
