
[31m
*** ERROR ***
The following error occurred in the object "TimeStepper", of type "IterationAdaptiveDT".

Solve failed and timestep already at dtmin, cannot continue![39m


[31m
*** ERROR ***
The following error occurred in the object "TimeStepper", of type "IterationAdaptiveDT".

Solve failed and timestep already at dtmin, cannot continue![39m


[31m
*** ERROR ***
The following error occurred in the object "TimeStepper", of type "IterationAdaptiveDT".

Solve failed and timestep already at dtmin, cannot continue![39m


[31m
*** ERROR ***
The following error occurred in the object "TimeStepper", of type "IterationAdaptiveDT".

Solve failed and timestep already at dtmin, cannot continue![39m


[31m
*** ERROR ***
The following error occurred in the object "TimeStepper", of type "IterationAdaptiveDT".

Solve failed and timestep already at dtmin, cannot continue![39m


[31m
*** ERROR ***
The following error occurred in the object "TimeStepper", of type "IterationAdaptiveDT".

Solve failed and timestep already at dtmin, cannot continue![39m


[31m
*** ERROR ***
The following error occurred in the object "TimeStepper", of type "IterationAdaptiveDT".

Solve failed and timestep already at dtmin, cannot continue![39m


[31m
*** ERROR ***
The following error occurred in the object "TimeStepper", of type "IterationAdaptiveDT".

Solve failed and timestep already at dtmin, cannot continue![39m


[31m
*** ERROR ***
The following error occurred in the object "TimeStepper", of type "IterationAdaptiveDT".

Solve failed and timestep already at dtmin, cannot continue![39m


[31m
*** ERROR ***
The following error occurred in the object "TimeStepper", of type "IterationAdaptiveDT".

Solve failed and timestep already at dtmin, cannot continue![39m


[31m
*** ERROR ***
The following error occurred in the object "TimeStepper", of type "IterationAdaptiveDT".

Solve failed and timestep already at dtmin, cannot continue![39m


[31m
*** ERROR ***
The following error occurred in the object "TimeStepper", of type "IterationAdaptiveDT".

Solve failed and timestep already at dtmin, cannot continue![39m


[31m
*** ERROR ***
The following error occurred in the object "TimeStepper", of type "IterationAdaptiveDT".

Solve failed and timestep already at dtmin, cannot continue![39m


[31m
*** ERROR ***
The following error occurred in the object "TimeStepper", of type "IterationAdaptiveDT".

Solve failed and timestep already at dtmin, cannot continue![39m


[31m
*** ERROR ***
The following error occurred in the object "TimeStepper", of type "IterationAdaptiveDT".

Solve failed and timestep already at dtmin, cannot continue![39m


[31m
*** ERROR ***
The following error occurred in the object "TimeStepper", of type "IterationAdaptiveDT".

Solve failed and timestep already at dtmin, cannot continue![39m


[31m
*** ERROR ***
The following error occurred in the object "TimeStepper", of type "IterationAdaptiveDT".

Solve failed and timestep already at dtmin, cannot continue![39m


[31m
*** ERROR ***
The following error occurred in the object "TimeStepper", of type "IterationAdaptiveDT".

Solve failed and timestep already at dtmin, cannot continue![39m


[31m
*** ERROR ***
The following error occurred in the object "TimeStepper", of type "IterationAdaptiveDT".

Solve failed and timestep already at dtmin, cannot continue![39m


[31m
*** ERROR ***
The following error occurred in the object "TimeStepper", of type "IterationAdaptiveDT".

Solve failed and timestep already at dtmin, cannot continue![39m


[31m
*** ERROR ***
The following error occurred in the object "TimeStepper", of type "IterationAdaptiveDT".

Solve failed and timestep already at dtmin, cannot continue![39m


[31m
*** ERROR ***
The following error occurred in the object "TimeStepper", of type "IterationAdaptiveDT".

Solve failed and timestep already at dtmin, cannot continue![39m


[31m
*** ERROR ***
The following error occurred in the object "TimeStepper", of type "IterationAdaptiveDT".

Solve failed and timestep already at dtmin, cannot continue![39m


[31m
*** ERROR ***
The following error occurred in the object "TimeStepper", of type "IterationAdaptiveDT".

Solve failed and timestep already at dtmin, cannot continue![39m


[31m
*** ERROR ***
The following error occurred in the object "TimeStepper", of type "IterationAdaptiveDT".

Solve failed and timestep already at dtmin, cannot continue![39m


[31m
*** ERROR ***
The following error occurred in the object "TimeStepper", of type "IterationAdaptiveDT".

Solve failed and timestep already at dtmin, cannot continue![39m


[31m
*** ERROR ***
The following error occurred in the object "TimeStepper", of type "IterationAdaptiveDT".

Solve failed and timestep already at dtmin, cannot continue![39m


[31m
*** ERROR ***
The following error occurred in the object "TimeStepper", of type "IterationAdaptiveDT".

Solve failed and timestep already at dtmin, cannot continue![39m


[31m
*** ERROR ***
The following error occurred in the object "TimeStepper", of type "IterationAdaptiveDT".

Solve failed and timestep already at dtmin, cannot continue![39m


[31m
*** ERROR ***
The following error occurred in the object "TimeStepper", of type "IterationAdaptiveDT".

Solve failed and timestep already at dtmin, cannot continue![39m


[31m
*** ERROR ***
The following error occurred in the object "TimeStepper", of type "IterationAdaptiveDT".

Solve failed and timestep already at dtmin, cannot continue![39m


[31m
*** ERROR ***
The following error occurred in the object "TimeStepper", of type "IterationAdaptiveDT".

Solve failed and timestep already at dtmin, cannot continue![39m


[31m
*** ERROR ***
The following error occurred in the object "TimeStepper", of type "IterationAdaptiveDT".

Solve failed and timestep already at dtmin, cannot continue![39m


[31m
*** ERROR ***
The following error occurred in the object "TimeStepper", of type "IterationAdaptiveDT".

Solve failed and timestep already at dtmin, cannot continue![39m


[31m
*** ERROR ***
The following error occurred in the object "TimeStepper", of type "IterationAdaptiveDT".

Solve failed and timestep already at dtmin, cannot continue![39m


[31m
*** ERROR ***
The following error occurred in the object "TimeStepper", of type "IterationAdaptiveDT".

Solve failed and timestep already at dtmin, cannot continue![39m


[31m
*** ERROR ***
The following error occurred in the object "TimeStepper", of type "IterationAdaptiveDT".

Solve failed and timestep already at dtmin, cannot continue![39m


[31m
*** ERROR ***
The following error occurred in the object "TimeStepper", of type "IterationAdaptiveDT".

Solve failed and timestep already at dtmin, cannot continue![39m


[31m
*** ERROR ***
The following error occurred in the object "TimeStepper", of type "IterationAdaptiveDT".

Solve failed and timestep already at dtmin, cannot continue![39m


[31m
*** ERROR ***
The following error occurred in the object "TimeStepper", of type "IterationAdaptiveDT".

Solve failed and timestep already at dtmin, cannot continue![39m


[31m
*** ERROR ***
The following error occurred in the object "TimeStepper", of type "IterationAdaptiveDT".

Solve failed and timestep already at dtmin, cannot continue![39m


[31m
*** ERROR ***
The following error occurred in the object "TimeStepper", of type "IterationAdaptiveDT".

Solve failed and timestep already at dtmin, cannot continue![39m


[31m
*** ERROR ***
The following error occurred in the object "TimeStepper", of type "IterationAdaptiveDT".

Solve failed and timestep already at dtmin, cannot continue![39m


[31m
*** ERROR ***
The following error occurred in the object "TimeStepper", of type "IterationAdaptiveDT".

Solve failed and timestep already at dtmin, cannot continue![39m


[31m
*** ERROR ***
The following error occurred in the object "TimeStepper", of type "IterationAdaptiveDT".

Solve failed and timestep already at dtmin, cannot continue![39m


[31m
*** ERROR ***
The following error occurred in the object "TimeStepper", of type "IterationAdaptiveDT".

Solve failed and timestep already at dtmin, cannot continue![39m


[31m
*** ERROR ***
The following error occurred in the object "TimeStepper", of type "IterationAdaptiveDT".

Solve failed and timestep already at dtmin, cannot continue![39m


[31m
*** ERROR ***
The following error occurred in the object "TimeStepper", of type "IterationAdaptiveDT".

Solve failed and timestep already at dtmin, cannot continue![39m


[31m
*** ERROR ***
The following error occurred in the object "TimeStepper", of type "IterationAdaptiveDT".

Solve failed and timestep already at dtmin, cannot continue![39m


[31m
*** ERROR ***
The following error occurred in the object "TimeStepper", of type "IterationAdaptiveDT".

Solve failed and timestep already at dtmin, cannot continue![39m


[31m
*** ERROR ***
The following error occurred in the object "TimeStepper", of type "IterationAdaptiveDT".

Solve failed and timestep already at dtmin, cannot continue![39m


[31m
*** ERROR ***
The following error occurred in the object "TimeStepper", of type "IterationAdaptiveDT".

Solve failed and timestep already at dtmin, cannot continue![39m


[31m
*** ERROR ***
The following error occurred in the object "TimeStepper", of type "IterationAdaptiveDT".

Solve failed and timestep already at dtmin, cannot continue![39m


[31m
*** ERROR ***
The following error occurred in the object "TimeStepper", of type "IterationAdaptiveDT".

Solve failed and timestep already at dtmin, cannot continue![39m


[31m
*** ERROR ***
The following error occurred in the object "TimeStepper", of type "IterationAdaptiveDT".

Solve failed and timestep already at dtmin, cannot continue![39m


[31m
*** ERROR ***
The following error occurred in the object "TimeStepper", of type "IterationAdaptiveDT".

Solve failed and timestep already at dtmin, cannot continue![39m


[31m
*** ERROR ***
The following error occurred in the object "TimeStepper", of type "IterationAdaptiveDT".

Solve failed and timestep already at dtmin, cannot continue![39m


[31m
*** ERROR ***
The following error occurred in the object "TimeStepper", of type "IterationAdaptiveDT".

Solve failed and timestep already at dtmin, cannot continue![39m


[31m
*** ERROR ***
The following error occurred in the object "TimeStepper", of type "IterationAdaptiveDT".

Solve failed and timestep already at dtmin, cannot continue![39m


[31m
*** ERROR ***
The following error occurred in the object "TimeStepper", of type "IterationAdaptiveDT".

Solve failed and timestep already at dtmin, cannot continue![39m


[31m
*** ERROR ***
The following error occurred in the object "TimeStepper", of type "IterationAdaptiveDT".

Solve failed and timestep already at dtmin, cannot continue![39m


[31m
*** ERROR ***
The following error occurred in the object "TimeStepper", of type "IterationAdaptiveDT".

Solve failed and timestep already at dtmin, cannot continue![39m


[31m
*** ERROR ***
The following error occurred in the object "TimeStepper", of type "IterationAdaptiveDT".

Solve failed and timestep already at dtmin, cannot continue![39m


[31m
*** ERROR ***
The following error occurred in the object "TimeStepper", of type "IterationAdaptiveDT".

Solve failed and timestep already at dtmin, cannot continue![39m


[31m
*** ERROR ***
The following error occurred in the object "TimeStepper", of type "IterationAdaptiveDT".

Solve failed and timestep already at dtmin, cannot continue![39m


[31m
*** ERROR ***
The following error occurred in the object "TimeStepper", of type "IterationAdaptiveDT".

Solve failed and timestep already at dtmin, cannot continue![39m


[31m
*** ERROR ***
The following error occurred in the object "TimeStepper", of type "IterationAdaptiveDT".

Solve failed and timestep already at dtmin, cannot continue![39m


[31m
*** ERROR ***
The following error occurred in the object "TimeStepper", of type "IterationAdaptiveDT".

Solve failed and timestep already at dtmin, cannot continue![39m


[31m
*** ERROR ***
The following error occurred in the object "TimeStepper", of type "IterationAdaptiveDT".

Solve failed and timestep already at dtmin, cannot continue![39m


[31m
*** ERROR ***
The following error occurred in the object "TimeStepper", of type "IterationAdaptiveDT".

Solve failed and timestep already at dtmin, cannot continue![39m


[31m
*** ERROR ***
The following error occurred in the object "TimeStepper", of type "IterationAdaptiveDT".

Solve failed and timestep already at dtmin, cannot continue![39m


[31m
*** ERROR ***
The following error occurred in the object "TimeStepper", of type "IterationAdaptiveDT".

Solve failed and timestep already at dtmin, cannot continue![39m


[31m
*** ERROR ***
The following error occurred in the object "TimeStepper", of type "IterationAdaptiveDT".

Solve failed and timestep already at dtmin, cannot continue![39m


[31m
*** ERROR ***
The following error occurred in the object "TimeStepper", of type "IterationAdaptiveDT".

Solve failed and timestep already at dtmin, cannot continue![39m


[31m
*** ERROR ***
The following error occurred in the object "TimeStepper", of type "IterationAdaptiveDT".

Solve failed and timestep already at dtmin, cannot continue![39m


[31m
*** ERROR ***
The following error occurred in the object "TimeStepper", of type "IterationAdaptiveDT".

Solve failed and timestep already at dtmin, cannot continue![39m


[31m
*** ERROR ***
The following error occurred in the object "TimeStepper", of type "IterationAdaptiveDT".

Solve failed and timestep already at dtmin, cannot continue![39m


[31m
*** ERROR ***
The following error occurred in the object "TimeStepper", of type "IterationAdaptiveDT".

Solve failed and timestep already at dtmin, cannot continue![39m


[31m
*** ERROR ***
The following error occurred in the object "TimeStepper", of type "IterationAdaptiveDT".

Solve failed and timestep already at dtmin, cannot continue![39m


[31m
*** ERROR ***
The following error occurred in the object "TimeStepper", of type "IterationAdaptiveDT".

Solve failed and timestep already at dtmin, cannot continue![39m


[31m
*** ERROR ***
The following error occurred in the object "TimeStepper", of type "IterationAdaptiveDT".

Solve failed and timestep already at dtmin, cannot continue![39m


[31m
*** ERROR ***
The following error occurred in the object "TimeStepper", of type "IterationAdaptiveDT".

Solve failed and timestep already at dtmin, cannot continue![39m


[31m
*** ERROR ***
The following error occurred in the object "TimeStepper", of type "IterationAdaptiveDT".

Solve failed and timestep already at dtmin, cannot continue![39m


[31m
*** ERROR ***
The following error occurred in the object "TimeStepper", of type "IterationAdaptiveDT".

Solve failed and timestep already at dtmin, cannot continue![39m


[31m
*** ERROR ***
The following error occurred in the object "TimeStepper", of type "IterationAdaptiveDT".

Solve failed and timestep already at dtmin, cannot continue![39m


[31m
*** ERROR ***
The following error occurred in the object "TimeStepper", of type "IterationAdaptiveDT".

Solve failed and timestep already at dtmin, cannot continue![39m


[31m
*** ERROR ***
The following error occurred in the object "TimeStepper", of type "IterationAdaptiveDT".

Solve failed and timestep already at dtmin, cannot continue![39m


[31m
*** ERROR ***
The following error occurred in the object "TimeStepper", of type "IterationAdaptiveDT".

Solve failed and timestep already at dtmin, cannot continue![39m


[31m
*** ERROR ***
The following error occurred in the object "TimeStepper", of type "IterationAdaptiveDT".

Solve failed and timestep already at dtmin, cannot continue![39m


[31m
*** ERROR ***
The following error occurred in the object "TimeStepper", of type "IterationAdaptiveDT".

Solve failed and timestep already at dtmin, cannot continue![39m


[31m
*** ERROR ***
The following error occurred in the object "TimeStepper", of type "IterationAdaptiveDT".

Solve failed and timestep already at dtmin, cannot continue![39m


[31m
*** ERROR ***
The following error occurred in the object "TimeStepper", of type "IterationAdaptiveDT".

Solve failed and timestep already at dtmin, cannot continue![39m


[31m
*** ERROR ***
The following error occurred in the object "TimeStepper", of type "IterationAdaptiveDT".

Solve failed and timestep already at dtmin, cannot continue![39m


[31m
*** ERROR ***
The following error occurred in the object "TimeStepper", of type "IterationAdaptiveDT".

Solve failed and timestep already at dtmin, cannot continue![39m


[31m
*** ERROR ***
The following error occurred in the object "TimeStepper", of type "IterationAdaptiveDT".

Solve failed and timestep already at dtmin, cannot continue![39m


[31m
*** ERROR ***
The following error occurred in the object "TimeStepper", of type "IterationAdaptiveDT".

Solve failed and timestep already at dtmin, cannot continue![39m


[31m
*** ERROR ***
The following error occurred in the object "TimeStepper", of type "IterationAdaptiveDT".

Solve failed and timestep already at dtmin, cannot continue![39m


[31m
*** ERROR ***
The following error occurred in the object "TimeStepper", of type "IterationAdaptiveDT".

Solve failed and timestep already at dtmin, cannot continue![39m


[31m
*** ERROR ***
The following error occurred in the object "TimeStepper", of type "IterationAdaptiveDT".

Solve failed and timestep already at dtmin, cannot continue![39m


[31m
*** ERROR ***
The following error occurred in the object "TimeStepper", of type "IterationAdaptiveDT".

Solve failed and timestep already at dtmin, cannot continue![39m


[31m
*** ERROR ***
The following error occurred in the object "TimeStepper", of type "IterationAdaptiveDT".

Solve failed and timestep already at dtmin, cannot continue![39m


[31m
*** ERROR ***
The following error occurred in the object "TimeStepper", of type "IterationAdaptiveDT".

Solve failed and timestep already at dtmin, cannot continue![39m


[31m
*** ERROR ***
The following error occurred in the object "TimeStepper", of type "IterationAdaptiveDT".

Solve failed and timestep already at dtmin, cannot continue![39m


[31m
*** ERROR ***
The following error occurred in the object "TimeStepper", of type "IterationAdaptiveDT".

Solve failed and timestep already at dtmin, cannot continue![39m


[31m
*** ERROR ***
The following error occurred in the object "TimeStepper", of type "IterationAdaptiveDT".

Solve failed and timestep already at dtmin, cannot continue![39m


[31m
*** ERROR ***
The following error occurred in the object "TimeStepper", of type "IterationAdaptiveDT".

Solve failed and timestep already at dtmin, cannot continue![39m


[31m
*** ERROR ***
The following error occurred in the object "TimeStepper", of type "IterationAdaptiveDT".

Solve failed and timestep already at dtmin, cannot continue![39m


[31m
*** ERROR ***
The following error occurred in the object "TimeStepper", of type "IterationAdaptiveDT".

Solve failed and timestep already at dtmin, cannot continue![39m


[31m
*** ERROR ***
The following error occurred in the object "TimeStepper", of type "IterationAdaptiveDT".

Solve failed and timestep already at dtmin, cannot continue![39m


[31m
*** ERROR ***
The following error occurred in the object "TimeStepper", of type "IterationAdaptiveDT".

Solve failed and timestep already at dtmin, cannot continue![39m


[31m
*** ERROR ***
The following error occurred in the object "TimeStepper", of type "IterationAdaptiveDT".

Solve failed and timestep already at dtmin, cannot continue![39m


[31m
*** ERROR ***
The following error occurred in the object "TimeStepper", of type "IterationAdaptiveDT".

Solve failed and timestep already at dtmin, cannot continue![39m


[31m
*** ERROR ***
The following error occurred in the object "TimeStepper", of type "IterationAdaptiveDT".

Solve failed and timestep already at dtmin, cannot continue![39m


[31m
*** ERROR ***
The following error occurred in the object "TimeStepper", of type "IterationAdaptiveDT".

Solve failed and timestep already at dtmin, cannot continue![39m


[31m
*** ERROR ***
The following error occurred in the object "TimeStepper", of type "IterationAdaptiveDT".

Solve failed and timestep already at dtmin, cannot continue![39m


[31m
*** ERROR ***
The following error occurred in the object "TimeStepper", of type "IterationAdaptiveDT".

Solve failed and timestep already at dtmin, cannot continue![39m


[31m
*** ERROR ***
The following error occurred in the object "TimeStepper", of type "IterationAdaptiveDT".

Solve failed and timestep already at dtmin, cannot continue![39m


[31m
*** ERROR ***
The following error occurred in the object "TimeStepper", of type "IterationAdaptiveDT".

Solve failed and timestep already at dtmin, cannot continue![39m


[31m
*** ERROR ***
The following error occurred in the object "TimeStepper", of type "IterationAdaptiveDT".

Solve failed and timestep already at dtmin, cannot continue![39m


[31m
*** ERROR ***
The following error occurred in the object "TimeStepper", of type "IterationAdaptiveDT".

Solve failed and timestep already at dtmin, cannot continue![39m


[31m
*** ERROR ***
The following error occurred in the object "TimeStepper", of type "IterationAdaptiveDT".

Solve failed and timestep already at dtmin, cannot continue![39m


[31m
*** ERROR ***
The following error occurred in the object "TimeStepper", of type "IterationAdaptiveDT".

Solve failed and timestep already at dtmin, cannot continue![39m


[31m
*** ERROR ***
The following error occurred in the object "TimeStepper", of type "IterationAdaptiveDT".

Solve failed and timestep already at dtmin, cannot continue![39m


[31m
*** ERROR ***
The following error occurred in the object "TimeStepper", of type "IterationAdaptiveDT".

Solve failed and timestep already at dtmin, cannot continue![39m


[31m
*** ERROR ***
The following error occurred in the object "TimeStepper", of type "IterationAdaptiveDT".

Solve failed and timestep already at dtmin, cannot continue![39m


[31m
*** ERROR ***
The following error occurred in the object "TimeStepper", of type "IterationAdaptiveDT".

Solve failed and timestep already at dtmin, cannot continue![39m


[31m
*** ERROR ***
The following error occurred in the object "TimeStepper", of type "IterationAdaptiveDT".

Solve failed and timestep already at dtmin, cannot continue![39m


[31m
*** ERROR ***
The following error occurred in the object "TimeStepper", of type "IterationAdaptiveDT".

Solve failed and timestep already at dtmin, cannot continue![39m


[31m
*** ERROR ***
The following error occurred in the object "TimeStepper", of type "IterationAdaptiveDT".

Solve failed and timestep already at dtmin, cannot continue![39m


[31m
*** ERROR ***
The following error occurred in the object "TimeStepper", of type "IterationAdaptiveDT".

Solve failed and timestep already at dtmin, cannot continue![39m


[31m
*** ERROR ***
The following error occurred in the object "TimeStepper", of type "IterationAdaptiveDT".

Solve failed and timestep already at dtmin, cannot continue![39m


[31m
*** ERROR ***
The following error occurred in the object "TimeStepper", of type "IterationAdaptiveDT".

Solve failed and timestep already at dtmin, cannot continue![39m


[31m
*** ERROR ***
The following error occurred in the object "TimeStepper", of type "IterationAdaptiveDT".

Solve failed and timestep already at dtmin, cannot continue![39m


[31m
*** ERROR ***
The following error occurred in the object "TimeStepper", of type "IterationAdaptiveDT".

Solve failed and timestep already at dtmin, cannot continue![39m


[31m
*** ERROR ***
The following error occurred in the object "TimeStepper", of type "IterationAdaptiveDT".

Solve failed and timestep already at dtmin, cannot continue![39m


[31m
*** ERROR ***
The following error occurred in the object "TimeStepper", of type "IterationAdaptiveDT".

Solve failed and timestep already at dtmin, cannot continue![39m


[31m
*** ERROR ***
The following error occurred in the object "TimeStepper", of type "IterationAdaptiveDT".

Solve failed and timestep already at dtmin, cannot continue![39m


[31m
*** ERROR ***
The following error occurred in the object "TimeStepper", of type "IterationAdaptiveDT".

Solve failed and timestep already at dtmin, cannot continue![39m


[31m
*** ERROR ***
The following error occurred in the object "TimeStepper", of type "IterationAdaptiveDT".

Solve failed and timestep already at dtmin, cannot continue![39m


[31m
*** ERROR ***
The following error occurred in the object "TimeStepper", of type "IterationAdaptiveDT".

Solve failed and timestep already at dtmin, cannot continue![39m


[31m
*** ERROR ***
The following error occurred in the object "TimeStepper", of type "IterationAdaptiveDT".

Solve failed and timestep already at dtmin, cannot continue![39m


[31m
*** ERROR ***
The following error occurred in the object "TimeStepper", of type "IterationAdaptiveDT".

Solve failed and timestep already at dtmin, cannot continue![39m

Abort(1) on node 10 (rank 10 in comm 0): application called MPI_Abort(MPI_COMM_WORLD, 1) - process 10
Abort(1) on node 15 (rank 15 in comm 0): application called MPI_Abort(MPI_COMM_WORLD, 1) - process 15
Abort(1) on node 29 (rank 29 in comm 0): application called MPI_Abort(MPI_COMM_WORLD, 1) - process 29
Abort(1) on node 109 (rank 109 in comm 0): application called MPI_Abort(MPI_COMM_WORLD, 1) - process 109
Abort(1) on node 113 (rank 113 in comm 0): application called MPI_Abort(MPI_COMM_WORLD, 1) - process 113
Abort(1) on node 126 (rank 126 in comm 0): application called MPI_Abort(MPI_COMM_WORLD, 1) - process 126
Abort(1) on node 85 (rank 85 in comm 0): application called MPI_Abort(MPI_COMM_WORLD, 1) - process 85
Abort(1) on node 16 (rank 16 in comm 0): application called MPI_Abort(MPI_COMM_WORLD, 1) - process 16
Abort(1) on node 19 (rank 19 in comm 0): application called MPI_Abort(MPI_COMM_WORLD, 1) - process 19
Abort(1) on node 22 (rank 22 in comm 0): application called MPI_Abort(MPI_COMM_WORLD, 1) - process 22
Abort(1) on node 31 (rank 31 in comm 0): application called MPI_Abort(MPI_COMM_WORLD, 1) - process 31
Abort(1) on node 34 (rank 34 in comm 0): application called MPI_Abort(MPI_COMM_WORLD, 1) - process 34
Abort(1) on node 35 (rank 35 in comm 0): application called MPI_Abort(MPI_COMM_WORLD, 1) - process 35
Abort(1) on node 36 (rank 36 in comm 0): application called MPI_Abort(MPI_COMM_WORLD, 1) - process 36
Abort(1) on node 38 (rank 38 in comm 0): application called MPI_Abort(MPI_COMM_WORLD, 1) - process 38
Abort(1) on node 44 (rank 44 in comm 0): application called MPI_Abort(MPI_COMM_WORLD, 1) - process 44
Abort(1) on node 48 (rank 48 in comm 0): application called MPI_Abort(MPI_COMM_WORLD, 1) - process 48
Abort(1) on node 49 (rank 49 in comm 0): application called MPI_Abort(MPI_COMM_WORLD, 1) - process 49
Abort(1) on node 55 (rank 55 in comm 0): application called MPI_Abort(MPI_COMM_WORLD, 1) - process 55
Abort(1) on node 58 (rank 58 in comm 0): application called MPI_Abort(MPI_COMM_WORLD, 1) - process 58
Abort(1) on node 60 (rank 60 in comm 0): application called MPI_Abort(MPI_COMM_WORLD, 1) - process 60
Abort(1) on node 62 (rank 62 in comm 0): application called MPI_Abort(MPI_COMM_WORLD, 1) - process 62
Abort(1) on node 69 (rank 69 in comm 0): application called MPI_Abort(MPI_COMM_WORLD, 1) - process 69
Abort(1) on node 118 (rank 118 in comm 0): application called MPI_Abort(MPI_COMM_WORLD, 1) - process 118
Abort(1) on node 71 (rank 71 in comm 0): application called MPI_Abort(MPI_COMM_WORLD, 1) - process 71
Abort(1) on node 0 (rank 0 in comm 0): application called MPI_Abort(MPI_COMM_WORLD, 1) - process 0
Abort(1) on node 133 (rank 133 in comm 0): application called MPI_Abort(MPI_COMM_WORLD, 1) - process 133
Abort(1) on node 1 (rank 1 in comm 0): application called MPI_Abort(MPI_COMM_WORLD, 1) - process 1
Abort(1) on node 72 (rank 72 in comm 0): application called MPI_Abort(MPI_COMM_WORLD, 1) - process 72
Abort(1) on node 2 (rank 2 in comm 0): application called MPI_Abort(MPI_COMM_WORLD, 1) - process 2
Abort(1) on node 73 (rank 73 in comm 0): application called MPI_Abort(MPI_COMM_WORLD, 1) - process 73
Abort(1) on node 3 (rank 3 in comm 0): application called MPI_Abort(MPI_COMM_WORLD, 1) - process 3
Abort(1) on node 74 (rank 74 in comm 0): application called MPI_Abort(MPI_COMM_WORLD, 1) - process 74
Abort(1) on node 4 (rank 4 in comm 0): application called MPI_Abort(MPI_COMM_WORLD, 1) - process 4
Abort(1) on node 75 (rank 75 in comm 0): application called MPI_Abort(MPI_COMM_WORLD, 1) - process 75
Abort(1) on node 5 (rank 5 in comm 0): application called MPI_Abort(MPI_COMM_WORLD, 1) - process 5
Abort(1) on node 76 (rank 76 in comm 0): application called MPI_Abort(MPI_COMM_WORLD, 1) - process 76
Abort(1) on node 6 (rank 6 in comm 0): application called MPI_Abort(MPI_COMM_WORLD, 1) - process 6
Abort(1) on node 77 (rank 77 in comm 0): application called MPI_Abort(MPI_COMM_WORLD, 1) - process 77
Abort(1) on node 7 (rank 7 in comm 0): application called MPI_Abort(MPI_COMM_WORLD, 1) - process 7
Abort(1) on node 78 (rank 78 in comm 0): application called MPI_Abort(MPI_COMM_WORLD, 1) - process 78
Abort(1) on node 8 (rank 8 in comm 0): application called MPI_Abort(MPI_COMM_WORLD, 1) - process 8
Abort(1) on node 79 (rank 79 in comm 0): application called MPI_Abort(MPI_COMM_WORLD, 1) - process 79
Abort(1) on node 9 (rank 9 in comm 0): application called MPI_Abort(MPI_COMM_WORLD, 1) - process 9
Abort(1) on node 80 (rank 80 in comm 0): application called MPI_Abort(MPI_COMM_WORLD, 1) - process 80
Abort(1) on node 11 (rank 11 in comm 0): application called MPI_Abort(MPI_COMM_WORLD, 1) - process 11
Abort(1) on node 81 (rank 81 in comm 0): application called MPI_Abort(MPI_COMM_WORLD, 1) - process 81
Abort(1) on node 12 (rank 12 in comm 0): application called MPI_Abort(MPI_COMM_WORLD, 1) - process 12
Abort(1) on node 82 (rank 82 in comm 0): application called MPI_Abort(MPI_COMM_WORLD, 1) - process 82
Abort(1) on node 13 (rank 13 in comm 0): application called MPI_Abort(MPI_COMM_WORLD, 1) - process 13
Abort(1) on node 83 (rank 83 in comm 0): application called MPI_Abort(MPI_COMM_WORLD, 1) - process 83
Abort(1) on node 14 (rank 14 in comm 0): application called MPI_Abort(MPI_COMM_WORLD, 1) - process 14
Abort(1) on node 84 (rank 84 in comm 0): application called MPI_Abort(MPI_COMM_WORLD, 1) - process 84
Abort(1) on node 17 (rank 17 in comm 0): application called MPI_Abort(MPI_COMM_WORLD, 1) - process 17
Abort(1) on node 18 (rank 18 in comm 0): application called MPI_Abort(MPI_COMM_WORLD, 1) - process 18
Abort(1) on node 86 (rank 86 in comm 0): application called MPI_Abort(MPI_COMM_WORLD, 1) - process 86
Abort(1) on node 20 (rank 20 in comm 0): application called MPI_Abort(MPI_COMM_WORLD, 1) - process 20
Abort(1) on node 87 (rank 87 in comm 0): application called MPI_Abort(MPI_COMM_WORLD, 1) - process 87
Abort(1) on node 21 (rank 21 in comm 0): application called MPI_Abort(MPI_COMM_WORLD, 1) - process 21
Abort(1) on node 88 (rank 88 in comm 0): application called MPI_Abort(MPI_COMM_WORLD, 1) - process 88
Abort(1) on node 23 (rank 23 in comm 0): application called MPI_Abort(MPI_COMM_WORLD, 1) - process 23
Abort(1) on node 89 (rank 89 in comm 0): application called MPI_Abort(MPI_COMM_WORLD, 1) - process 89
Abort(1) on node 24 (rank 24 in comm 0): application called MPI_Abort(MPI_COMM_WORLD, 1) - process 24
Abort(1) on node 90 (rank 90 in comm 0): application called MPI_Abort(MPI_COMM_WORLD, 1) - process 90
Abort(1) on node 25 (rank 25 in comm 0): application called MPI_Abort(MPI_COMM_WORLD, 1) - process 25
Abort(1) on node 91 (rank 91 in comm 0): application called MPI_Abort(MPI_COMM_WORLD, 1) - process 91
Abort(1) on node 26 (rank 26 in comm 0): application called MPI_Abort(MPI_COMM_WORLD, 1) - process 26
Abort(1) on node 92 (rank 92 in comm 0): application called MPI_Abort(MPI_COMM_WORLD, 1) - process 92
Abort(1) on node 27 (rank 27 in comm 0): application called MPI_Abort(MPI_COMM_WORLD, 1) - process 27
Abort(1) on node 93 (rank 93 in comm 0): application called MPI_Abort(MPI_COMM_WORLD, 1) - process 93
Abort(1) on node 28 (rank 28 in comm 0): application called MPI_Abort(MPI_COMM_WORLD, 1) - process 28
Abort(1) on node 94 (rank 94 in comm 0): application called MPI_Abort(MPI_COMM_WORLD, 1) - process 94
Abort(1) on node 30 (rank 30 in comm 0): application called MPI_Abort(MPI_COMM_WORLD, 1) - process 30
Abort(1) on node 95 (rank 95 in comm 0): application called MPI_Abort(MPI_COMM_WORLD, 1) - process 95
Abort(1) on node 32 (rank 32 in comm 0): application called MPI_Abort(MPI_COMM_WORLD, 1) - process 32
Abort(1) on node 96 (rank 96 in comm 0): application called MPI_Abort(MPI_COMM_WORLD, 1) - process 96
Abort(1) on node 33 (rank 33 in comm 0): application called MPI_Abort(MPI_COMM_WORLD, 1) - process 33
Abort(1) on node 97 (rank 97 in comm 0): application called MPI_Abort(MPI_COMM_WORLD, 1) - process 97
Abort(1) on node 37 (rank 37 in comm 0): application called MPI_Abort(MPI_COMM_WORLD, 1) - process 37
Abort(1) on node 98 (rank 98 in comm 0): application called MPI_Abort(MPI_COMM_WORLD, 1) - process 98
Abort(1) on node 39 (rank 39 in comm 0): application called MPI_Abort(MPI_COMM_WORLD, 1) - process 39
Abort(1) on node 99 (rank 99 in comm 0): application called MPI_Abort(MPI_COMM_WORLD, 1) - process 99
Abort(1) on node 40 (rank 40 in comm 0): application called MPI_Abort(MPI_COMM_WORLD, 1) - process 40
Abort(1) on node 100 (rank 100 in comm 0): application called MPI_Abort(MPI_COMM_WORLD, 1) - process 100
Abort(1) on node 41 (rank 41 in comm 0): application called MPI_Abort(MPI_COMM_WORLD, 1) - process 41
Abort(1) on node 101 (rank 101 in comm 0): application called MPI_Abort(MPI_COMM_WORLD, 1) - process 101
Abort(1) on node 42 (rank 42 in comm 0): application called MPI_Abort(MPI_COMM_WORLD, 1) - process 42
Abort(1) on node 102 (rank 102 in comm 0): application called MPI_Abort(MPI_COMM_WORLD, 1) - process 102
Abort(1) on node 43 (rank 43 in comm 0): application called MPI_Abort(MPI_COMM_WORLD, 1) - process 43
Abort(1) on node 103 (rank 103 in comm 0): application called MPI_Abort(MPI_COMM_WORLD, 1) - process 103
Abort(1) on node 104 (rank 104 in comm 0): application called MPI_Abort(MPI_COMM_WORLD, 1) - process 104
Abort(1) on node 45 (rank 45 in comm 0): application called MPI_Abort(MPI_COMM_WORLD, 1) - process 45
Abort(1) on node 105 (rank 105 in comm 0): application called MPI_Abort(MPI_COMM_WORLD, 1) - process 105
Abort(1) on node 46 (rank 46 in comm 0): application called MPI_Abort(MPI_COMM_WORLD, 1) - process 46
Abort(1) on node 106 (rank 106 in comm 0): application called MPI_Abort(MPI_COMM_WORLD, 1) - process 106
Abort(1) on node 47 (rank 47 in comm 0): application called MPI_Abort(MPI_COMM_WORLD, 1) - process 47
Abort(1) on node 107 (rank 107 in comm 0): application called MPI_Abort(MPI_COMM_WORLD, 1) - process 107
Abort(1) on node 50 (rank 50 in comm 0): application called MPI_Abort(MPI_COMM_WORLD, 1) - process 50
Abort(1) on node 108 (rank 108 in comm 0): application called MPI_Abort(MPI_COMM_WORLD, 1) - process 108
Abort(1) on node 51 (rank 51 in comm 0): application called MPI_Abort(MPI_COMM_WORLD, 1) - process 51
Abort(1) on node 110 (rank 110 in comm 0): application called MPI_Abort(MPI_COMM_WORLD, 1) - process 110
Abort(1) on node 52 (rank 52 in comm 0): application called MPI_Abort(MPI_COMM_WORLD, 1) - process 52
Abort(1) on node 111 (rank 111 in comm 0): application called MPI_Abort(MPI_COMM_WORLD, 1) - process 111
Abort(1) on node 53 (rank 53 in comm 0): application called MPI_Abort(MPI_COMM_WORLD, 1) - process 53
Abort(1) on node 112 (rank 112 in comm 0): application called MPI_Abort(MPI_COMM_WORLD, 1) - process 112
Abort(1) on node 54 (rank 54 in comm 0): application called MPI_Abort(MPI_COMM_WORLD, 1) - process 54
Abort(1) on node 114 (rank 114 in comm 0): application called MPI_Abort(MPI_COMM_WORLD, 1) - process 114
Abort(1) on node 56 (rank 56 in comm 0): application called MPI_Abort(MPI_COMM_WORLD, 1) - process 56
Abort(1) on node 115 (rank 115 in comm 0): application called MPI_Abort(MPI_COMM_WORLD, 1) - process 115
Abort(1) on node 57 (rank 57 in comm 0): application called MPI_Abort(MPI_COMM_WORLD, 1) - process 57
Abort(1) on node 116 (rank 116 in comm 0): application called MPI_Abort(MPI_COMM_WORLD, 1) - process 116
Abort(1) on node 59 (rank 59 in comm 0): application called MPI_Abort(MPI_COMM_WORLD, 1) - process 59
Abort(1) on node 117 (rank 117 in comm 0): application called MPI_Abort(MPI_COMM_WORLD, 1) - process 117
Abort(1) on node 61 (rank 61 in comm 0): application called MPI_Abort(MPI_COMM_WORLD, 1) - process 61
Abort(1) on node 119 (rank 119 in comm 0): application called MPI_Abort(MPI_COMM_WORLD, 1) - process 119
Abort(1) on node 120 (rank 120 in comm 0): application called MPI_Abort(MPI_COMM_WORLD, 1) - process 120
Abort(1) on node 63 (rank 63 in comm 0): application called MPI_Abort(MPI_COMM_WORLD, 1) - process 63
Abort(1) on node 121 (rank 121 in comm 0): application called MPI_Abort(MPI_COMM_WORLD, 1) - process 121
Abort(1) on node 64 (rank 64 in comm 0): application called MPI_Abort(MPI_COMM_WORLD, 1) - process 64
Abort(1) on node 122 (rank 122 in comm 0): application called MPI_Abort(MPI_COMM_WORLD, 1) - process 122
Abort(1) on node 65 (rank 65 in comm 0): application called MPI_Abort(MPI_COMM_WORLD, 1) - process 65
Abort(1) on node 123 (rank 123 in comm 0): application called MPI_Abort(MPI_COMM_WORLD, 1) - process 123
Abort(1) on node 66 (rank 66 in comm 0): application called MPI_Abort(MPI_COMM_WORLD, 1) - process 66
Abort(1) on node 124 (rank 124 in comm 0): application called MPI_Abort(MPI_COMM_WORLD, 1) - process 124
Abort(1) on node 67 (rank 67 in comm 0): application called MPI_Abort(MPI_COMM_WORLD, 1) - process 67
Abort(1) on node 125 (rank 125 in comm 0): application called MPI_Abort(MPI_COMM_WORLD, 1) - process 125
Abort(1) on node 68 (rank 68 in comm 0): application called MPI_Abort(MPI_COMM_WORLD, 1) - process 68
Abort(1) on node 127 (rank 127 in comm 0): application called MPI_Abort(MPI_COMM_WORLD, 1) - process 127
Abort(1) on node 70 (rank 70 in comm 0): application called MPI_Abort(MPI_COMM_WORLD, 1) - process 70
Abort(1) on node 128 (rank 128 in comm 0): application called MPI_Abort(MPI_COMM_WORLD, 1) - process 128
Abort(1) on node 129 (rank 129 in comm 0): application called MPI_Abort(MPI_COMM_WORLD, 1) - process 129
Abort(1) on node 130 (rank 130 in comm 0): application called MPI_Abort(MPI_COMM_WORLD, 1) - process 130
Abort(1) on node 131 (rank 131 in comm 0): application called MPI_Abort(MPI_COMM_WORLD, 1) - process 131
Abort(1) on node 132 (rank 132 in comm 0): application called MPI_Abort(MPI_COMM_WORLD, 1) - process 132
Abort(1) on node 134 (rank 134 in comm 0): application called MPI_Abort(MPI_COMM_WORLD, 1) - process 134
Abort(1) on node 135 (rank 135 in comm 0): application called MPI_Abort(MPI_COMM_WORLD, 1) - process 135
Abort(1) on node 136 (rank 136 in comm 0): application called MPI_Abort(MPI_COMM_WORLD, 1) - process 136
Abort(1) on node 137 (rank 137 in comm 0): application called MPI_Abort(MPI_COMM_WORLD, 1) - process 137
Abort(1) on node 138 (rank 138 in comm 0): application called MPI_Abort(MPI_COMM_WORLD, 1) - process 138
Abort(1) on node 139 (rank 139 in comm 0): application called MPI_Abort(MPI_COMM_WORLD, 1) - process 139
Abort(1) on node 140 (rank 140 in comm 0): application called MPI_Abort(MPI_COMM_WORLD, 1) - process 140
Abort(1) on node 141 (rank 141 in comm 0): application called MPI_Abort(MPI_COMM_WORLD, 1) - process 141
